<?xml version="1.0" encoding="UTF-8"?>
<!-- Generated by org.testng.reporters.JUnitReportReporter -->
<testsuite hostname="DESKTOP-SD1P0EA" failures="0" tests="1" name="cucumberOptions.TestRunnerTestNG" time="0.285" errors="0" timestamp="2022-11-25T21:46:03 IST" skipped="0">
  <testcase classname="cucumberOptions.TestRunnerTestNG" name="runScenario" time="0.285"/>
  <system-out/>
</testsuite> <!-- cucumberOptions.TestRunnerTestNG -->
